2020-07-17 13:28:06.964  INFO 10616 --- [main] c.i.edp.visualizer.ui.Application        : Starting Application v1.0 on root with PID 10616 (/home/sai/EDP-DATA-MODULES/GITREPOSITROYDEPLOYMENT/Data-Visualizer/libs/edp-visualizer-ui-1.0.jar started by root in /home/sai/EDP-DATA-MODULES/GITREPOSITROYDEPLOYMENT/Data-Visualizer/libs)
2020-07-17 13:28:06.970  INFO 10616 --- [main] c.i.edp.visualizer.ui.Application        : No active profile set, falling back to default profiles: default
2020-07-17 13:28:07.083  INFO 10616 --- [main] ConfigServletWebServerApplicationContext : Refreshing org.springframework.boot.web.servlet.context.AnnotationConfigServletWebServerApplicationContext@6d1e7682: startup date [Fri Jul 17 13:28:07 IST 2020]; root of context hierarchy
2020-07-17 13:28:08.943  INFO 10616 --- [main] o.s.b.w.embedded.tomcat.TomcatWebServer  : Tomcat initialized with port(s): 8080 (http)
2020-07-17 13:28:08.988  INFO 10616 --- [main] o.apache.catalina.core.StandardService   : Starting service [Tomcat]
2020-07-17 13:28:08.989  INFO 10616 --- [main] org.apache.catalina.core.StandardEngine  : Starting Servlet Engine: Apache Tomcat/8.5.29
2020-07-17 13:28:09.004  INFO 10616 --- [localhost-startStop-1] o.a.catalina.core.AprLifecycleListener   : The APR based Apache Tomcat Native library which allows optimal performance in production environments was not found on the java.library.path: [/usr/java/packages/lib/amd64:/usr/lib64:/lib64:/lib:/usr/lib]
2020-07-17 13:28:09.140  INFO 10616 --- [localhost-startStop-1] o.a.c.c.C.[Tomcat].[localhost].[/]       : Initializing Spring embedded WebApplicationContext
2020-07-17 13:28:09.140  INFO 10616 --- [localhost-startStop-1] o.s.web.context.ContextLoader            : Root WebApplicationContext: initialization completed in 2057 ms
2020-07-17 13:28:09.299  INFO 10616 --- [localhost-startStop-1] o.s.b.w.servlet.ServletRegistrationBean  : Servlet dispatcherServlet mapped to [/]
2020-07-17 13:28:09.303  INFO 10616 --- [localhost-startStop-1] o.s.b.w.servlet.FilterRegistrationBean   : Mapping filter: 'characterEncodingFilter' to: [/*]
2020-07-17 13:28:09.303  INFO 10616 --- [localhost-startStop-1] o.s.b.w.servlet.FilterRegistrationBean   : Mapping filter: 'hiddenHttpMethodFilter' to: [/*]
2020-07-17 13:28:09.303  INFO 10616 --- [localhost-startStop-1] o.s.b.w.servlet.FilterRegistrationBean   : Mapping filter: 'httpPutFormContentFilter' to: [/*]
2020-07-17 13:28:09.304  INFO 10616 --- [localhost-startStop-1] o.s.b.w.servlet.FilterRegistrationBean   : Mapping filter: 'requestContextFilter' to: [/*]
2020-07-17 13:28:09.490  INFO 10616 --- [main] o.s.w.s.handler.SimpleUrlHandlerMapping  : Mapped URL path [/**/favicon.ico] onto handler of type [class org.springframework.web.servlet.resource.ResourceHttpRequestHandler]
2020-07-17 13:28:09.844  INFO 10616 --- [main] s.w.s.m.m.a.RequestMappingHandlerAdapter : Looking for @ControllerAdvice: org.springframework.boot.web.servlet.context.AnnotationConfigServletWebServerApplicationContext@6d1e7682: startup date [Fri Jul 17 13:28:07 IST 2020]; root of context hierarchy
2020-07-17 13:28:09.992  INFO 10616 --- [main] s.w.s.m.m.a.RequestMappingHandlerMapping : Mapped "{[/error],produces=[text/html]}" onto public org.springframework.web.servlet.ModelAndView org.springframework.boot.autoconfigure.web.servlet.error.BasicErrorController.errorHtml(javax.servlet.http.HttpServletRequest,javax.servlet.http.HttpServletResponse)
2020-07-17 13:28:09.994  INFO 10616 --- [main] s.w.s.m.m.a.RequestMappingHandlerMapping : Mapped "{[/error]}" onto public org.springframework.http.ResponseEntity<java.util.Map<java.lang.String, java.lang.Object>> org.springframework.boot.autoconfigure.web.servlet.error.BasicErrorController.error(javax.servlet.http.HttpServletRequest)
2020-07-17 13:28:10.030  INFO 10616 --- [main] o.s.w.s.handler.SimpleUrlHandlerMapping  : Mapped URL path [/webjars/**] onto handler of type [class org.springframework.web.servlet.resource.ResourceHttpRequestHandler]
2020-07-17 13:28:10.031  INFO 10616 --- [main] o.s.w.s.handler.SimpleUrlHandlerMapping  : Mapped URL path [/**] onto handler of type [class org.springframework.web.servlet.resource.ResourceHttpRequestHandler]
2020-07-17 13:28:10.103  INFO 10616 --- [main] o.s.b.a.w.s.WelcomePageHandlerMapping    : Adding welcome page: class path resource [static/index.html]
2020-07-17 13:28:10.278  INFO 10616 --- [main] o.s.j.e.a.AnnotationMBeanExporter        : Registering beans for JMX exposure on startup
2020-07-17 13:28:10.335  INFO 10616 --- [main] o.s.b.w.embedded.tomcat.TomcatWebServer  : Tomcat started on port(s): 8080 (http) with context path ''
2020-07-17 13:28:10.340  INFO 10616 --- [main] c.i.edp.visualizer.ui.Application        : Started Application in 4.281 seconds (JVM running for 5.085)
2020-07-17 13:28:20.821  INFO 10616 --- [http-nio-8080-exec-1] o.a.c.c.C.[Tomcat].[localhost].[/]       : Initializing Spring FrameworkServlet 'dispatcherServlet'
2020-07-17 13:28:20.821  INFO 10616 --- [http-nio-8080-exec-1] o.s.web.servlet.DispatcherServlet        : FrameworkServlet 'dispatcherServlet': initialization started
2020-07-17 13:28:20.848  INFO 10616 --- [http-nio-8080-exec-1] o.s.web.servlet.DispatcherServlet        : FrameworkServlet 'dispatcherServlet': initialization completed in 27 ms
2020-07-17 13:29:09.947  INFO 10616 --- [Thread-3] ConfigServletWebServerApplicationContext : Closing org.springframework.boot.web.servlet.context.AnnotationConfigServletWebServerApplicationContext@6d1e7682: startup date [Fri Jul 17 13:28:07 IST 2020]; root of context hierarchy
2020-07-17 13:29:09.950  INFO 10616 --- [Thread-3] o.s.j.e.a.AnnotationMBeanExporter        : Unregistering JMX-exposed beans on shutdown
